============================================================
   Tang Dynasty, V4.4.433
   Copyright:   Shanghai Anlogic Infotech Co., Ltd.
                2011 - 2021
   Executable = C:/Anlogic/TD4.4.433/bin/td.exe
   Built at =   17:57:18 Feb 26 2019
   Run by =     Administrator
   Run Date =   Sun May 12 23:47:01 2019

   Run on =     HADES-PC
============================================================
RUN-1002 : start command "import_device eagle_s20.db -package BG256 -basic"
ARC-1001 : Device Initialization.
ARC-1001 : ------------------------------------------------------------------
ARC-1001 :            OPTION            |          IO          |   SETTING   
ARC-1001 : ------------------------------------------------------------------
ARC-1001 :   cso_b/cclk/mosi/miso/dout  |  T3/R11/T10/P10/S11  |    gpio    
ARC-1001 :             done             |         P13          |    gpio    
ARC-1001 :           program_b          |          T2          |  dedicated  
ARC-1001 :        tdi/tms/tck/tdo       |   C12/A15/C14/E14    |  dedicated  
ARC-1001 : ------------------------------------------------------------------
ARC-1004 : Device setting, marked 5 dedicate IOs in total.
RUN-1002 : start command "read_verilog -file al_ip/ROM.v"
HDL-1007 : analyze verilog file al_ip/ROM.v
HDL-1007 : elaborate module ImgROM in al_ip/ROM.v(14)
HDL-1007 : elaborate module EG_LOGIC_BRAM(DATA_WIDTH_A=8,DATA_WIDTH_B=8,ADDR_WIDTH_A=15,ADDR_WIDTH_B=15,DATA_DEPTH_A=32768,DATA_DEPTH_B=32768,MODE="SP",FILL_ALL="00000000") in C:/Anlogic/TD4.4.433/arch/eagle_macro.v(1071)
HDL-1200 : Current top model is ImgROM
HDL-1100 : Inferred 0 RAMs.
RUN-1002 : start command "optimize_rtl"
RUN-1001 : Open license file C:/Anlogic/TD4.4.433/license/Anlogic.lic
SYN-1012 : SanityCheck: Model "ImgROM"
SYN-1011 : Flatten model ImgROM
SYN-1014 : Optimize round 1
SYN-1032 : 27/0 useful/useless nets, 3/0 useful/useless insts
SYN-1019 : Optimized 0 mux instances.
SYN-1015 : Optimize round 1, 0 better
RUN-1002 : start command "map_macro -nopad"
SYN-2501 : Processed 0 LOGIC_BUF instances.
SYN-2512 : LOGIC BRAM "inst"
SYN-2571 : Optimize after map_dsp, round 1
SYN-1032 : 94/0 useful/useless nets, 78/0 useful/useless insts
SYN-1016 : Merged 65 instances.
SYN-2571 : Optimize after map_dsp, round 1, 65 better
SYN-2571 : Optimize after map_dsp, round 2
SYN-1032 : 29/0 useful/useless nets, 13/0 useful/useless insts
SYN-2571 : Optimize after map_dsp, round 2, 0 better
SYN-2501 : Optimize round 1
SYN-1032 : 28/0 useful/useless nets, 12/0 useful/useless insts
SYN-2501 : Optimize round 1, 1 better
SYN-2501 : Optimize round 2
SYN-1032 : 28/0 useful/useless nets, 12/0 useful/useless insts
SYN-2501 : Optimize round 2, 0 better
SYN-1032 : 28/2 useful/useless nets, 12/2 useful/useless insts
RUN-1002 : start command "write_verilog al_ip/ROM_sim.v"
HDL-1201 : write out verilog file al_ip/ROM_sim.v
